2017/08/06 16:24:38 [INFO] Terraform version: 0.8.1  a54c3478b456502c19be675c17eb58309808ebc1
2017/08/06 16:24:38 [INFO] CLI args: []string{"/usr/local/bin/terraform", "apply"}
2017/08/06 16:24:38 [DEBUG] Detected home directory from env var: /Users/shitole
2017/08/06 16:24:38 [DEBUG] Discovered plugin: bigip = /Users/shitole/dev/src/github.com/terraform-provider-bigip/terraform-provider-bigip
2017/08/06 16:24:38 [DEBUG] Detected home directory from env var: /Users/shitole
2017/08/06 16:24:38 [DEBUG] Attempting to open CLI config file: /Users/shitole/.terraformrc
2017/08/06 16:24:38 [DEBUG] File doesn't exist, but doesn't need to. Ignoring.
2017/08/06 16:24:38 [DEBUG] Detected home directory from env var: /Users/shitole
2017/08/06 16:24:38 [TRACE] Preserving existing state lineage "a1bb1b43-031f-4e61-9034-20a6a53c3da0"
2017/08/06 16:24:38 [TRACE] Preserving existing state lineage "a1bb1b43-031f-4e61-9034-20a6a53c3da0"
2017/08/06 16:24:38 [TRACE] Graph after step *terraform.ConfigTransformerOld:

bigip_syslog.sys1 - *terraform.GraphNodeConfigResource
provider.bigip - *terraform.GraphNodeConfigProvider
2017/08/06 16:24:38 [TRACE] Graph after step *terraform.OrphanTransformer:

bigip_syslog.sys1 - *terraform.GraphNodeConfigResource
provider.bigip - *terraform.GraphNodeConfigProvider
2017/08/06 16:24:38 [TRACE] Graph after step *terraform.AddOutputOrphanTransformer:

bigip_syslog.sys1 - *terraform.GraphNodeConfigResource
provider.bigip - *terraform.GraphNodeConfigProvider
2017/08/06 16:24:38 [TRACE] Graph after step *terraform.MissingProviderTransformer:

bigip_syslog.sys1 - *terraform.GraphNodeConfigResource
provider.bigip - *terraform.GraphNodeConfigProvider
2017/08/06 16:24:38 [TRACE] Graph after step *terraform.ProviderTransformer:

bigip_syslog.sys1 - *terraform.GraphNodeConfigResource
  provider.bigip - *terraform.GraphNodeConfigProvider
provider.bigip - *terraform.GraphNodeConfigProvider
2017/08/06 16:24:38 [TRACE] Graph after step *terraform.DisableProviderTransformerOld:

bigip_syslog.sys1 - *terraform.GraphNodeConfigResource
  provider.bigip - *terraform.GraphNodeConfigProvider
provider.bigip - *terraform.GraphNodeConfigProvider
2017/08/06 16:24:38 [TRACE] Graph after step *terraform.MissingProvisionerTransformer:

bigip_syslog.sys1 - *terraform.GraphNodeConfigResource
  provider.bigip - *terraform.GraphNodeConfigProvider
provider.bigip - *terraform.GraphNodeConfigProvider
2017/08/06 16:24:38 [TRACE] Graph after step *terraform.ProvisionerTransformer:

bigip_syslog.sys1 - *terraform.GraphNodeConfigResource
  provider.bigip - *terraform.GraphNodeConfigProvider
provider.bigip - *terraform.GraphNodeConfigProvider
2017/08/06 16:24:38 [TRACE] Graph after step *terraform.VertexTransformer:

bigip_syslog.sys1 - *terraform.GraphNodeConfigResource
  provider.bigip - *terraform.GraphNodeConfigProvider
provider.bigip - *terraform.GraphNodeConfigProvider
2017/08/06 16:24:38 [TRACE] Graph after step *terraform.FlattenTransformer:

bigip_syslog.sys1 - *terraform.GraphNodeConfigResource
  provider.bigip - *terraform.GraphNodeConfigProvider
provider.bigip - *terraform.GraphNodeConfigProvider
2017/08/06 16:24:38 [TRACE] Graph after step *terraform.ProxyTransformer:

bigip_syslog.sys1 - *terraform.GraphNodeConfigResource
  provider.bigip - *terraform.GraphNodeConfigProvider
provider.bigip - *terraform.GraphNodeConfigProvider
2017/08/06 16:24:38 [TRACE] Graph after step *terraform.TargetsTransformer:

bigip_syslog.sys1 - *terraform.GraphNodeConfigResource
  provider.bigip - *terraform.GraphNodeConfigProvider
provider.bigip - *terraform.GraphNodeConfigProvider
2017/08/06 16:24:38 [TRACE] Graph after step *terraform.OrphanOutputTransformer:

bigip_syslog.sys1 - *terraform.GraphNodeConfigResource
  provider.bigip - *terraform.GraphNodeConfigProvider
provider.bigip - *terraform.GraphNodeConfigProvider
2017/08/06 16:24:38 [TRACE] Graph after step *terraform.PruneProviderTransformer:

bigip_syslog.sys1 - *terraform.GraphNodeConfigResource
  provider.bigip - *terraform.GraphNodeConfigProvider
provider.bigip - *terraform.GraphNodeConfigProvider
2017/08/06 16:24:38 [TRACE] Graph after step *terraform.DestroyTransformer:

bigip_syslog.sys1 - *terraform.GraphNodeConfigResource
  bigip_syslog.sys1 (destroy) - *terraform.graphNodeResourceDestroy
  provider.bigip - *terraform.GraphNodeConfigProvider
bigip_syslog.sys1 (destroy) - *terraform.graphNodeResourceDestroy
  provider.bigip - *terraform.GraphNodeConfigProvider
provider.bigip - *terraform.GraphNodeConfigProvider
2017/08/06 16:24:38 [TRACE] Graph after step *terraform.CreateBeforeDestroyTransformer:

bigip_syslog.sys1 - *terraform.GraphNodeConfigResource
  bigip_syslog.sys1 (destroy) - *terraform.graphNodeResourceDestroy
  provider.bigip - *terraform.GraphNodeConfigProvider
bigip_syslog.sys1 (destroy) - *terraform.graphNodeResourceDestroy
  provider.bigip - *terraform.GraphNodeConfigProvider
provider.bigip - *terraform.GraphNodeConfigProvider
2017/08/06 16:24:38 [TRACE] Graph after step *terraform.PruneDestroyTransformer:

bigip_syslog.sys1 - *terraform.GraphNodeConfigResource
  provider.bigip - *terraform.GraphNodeConfigProvider
provider.bigip - *terraform.GraphNodeConfigProvider
2017/08/06 16:24:38 [DEBUG] Checking resource noop: bigip_syslog.sys1
2017/08/06 16:24:38 [DEBUG] No diff, not a noop
2017/08/06 16:24:38 [TRACE] Graph after step *terraform.PruneNoopTransformer:

bigip_syslog.sys1 - *terraform.GraphNodeConfigResource
  provider.bigip - *terraform.GraphNodeConfigProvider
provider.bigip - *terraform.GraphNodeConfigProvider
2017/08/06 16:24:38 [TRACE] Graph after step *terraform.CloseProviderTransformer:

bigip_syslog.sys1 - *terraform.GraphNodeConfigResource
  provider.bigip - *terraform.GraphNodeConfigProvider
provider.bigip - *terraform.GraphNodeConfigProvider
provider.bigip (close) - *terraform.graphNodeCloseProvider
  bigip_syslog.sys1 - *terraform.GraphNodeConfigResource
  provider.bigip - *terraform.GraphNodeConfigProvider
2017/08/06 16:24:38 [TRACE] Graph after step *terraform.CloseProvisionerTransformer:

bigip_syslog.sys1 - *terraform.GraphNodeConfigResource
  provider.bigip - *terraform.GraphNodeConfigProvider
provider.bigip - *terraform.GraphNodeConfigProvider
provider.bigip (close) - *terraform.graphNodeCloseProvider
  bigip_syslog.sys1 - *terraform.GraphNodeConfigResource
  provider.bigip - *terraform.GraphNodeConfigProvider
2017/08/06 16:24:38 [TRACE] Graph after step *terraform.TransitiveReductionTransformer:

bigip_syslog.sys1 - *terraform.GraphNodeConfigResource
  provider.bigip - *terraform.GraphNodeConfigProvider
provider.bigip - *terraform.GraphNodeConfigProvider
provider.bigip (close) - *terraform.graphNodeCloseProvider
  bigip_syslog.sys1 - *terraform.GraphNodeConfigResource
2017/08/06 16:24:38 [TRACE] Graph after step *terraform.RootTransformer:

bigip_syslog.sys1 - *terraform.GraphNodeConfigResource
  provider.bigip - *terraform.GraphNodeConfigProvider
provider.bigip - *terraform.GraphNodeConfigProvider
provider.bigip (close) - *terraform.graphNodeCloseProvider
  bigip_syslog.sys1 - *terraform.GraphNodeConfigResource
2017/08/06 16:24:38 [DEBUG] Starting graph walk: walkInput
2017/08/06 16:24:38 [DEBUG] vertex 'root.provider.bigip': walking
2017/08/06 16:24:38 [DEBUG] vertex 'root.provider.bigip': evaluating
2017/08/06 16:24:38 [TRACE] [walkInput] Entering eval tree: provider.bigip
2017/08/06 16:24:38 [DEBUG] root: eval: *terraform.EvalSequence
2017/08/06 16:24:38 [DEBUG] root: eval: *terraform.EvalInitProvider
2017/08/06 16:24:38 [DEBUG] plugin: starting plugin: /Users/shitole/dev/src/github.com/terraform-provider-bigip/terraform-provider-bigip []string{"/Users/shitole/dev/src/github.com/terraform-provider-bigip/terraform-provider-bigip"}
2017/08/06 16:24:38 [DEBUG] plugin: waiting for RPC address for: /Users/shitole/dev/src/github.com/terraform-provider-bigip/terraform-provider-bigip
2017/08/06 16:24:38 [DEBUG] plugin: terraform-provider-bigip: 2017/08/06 16:24:38 [DEBUG] plugin: plugin address: unix /var/folders/yh/4084gs6x7t78bhqz9qw8cbdjt0h10j/T/plugin980179698
2017/08/06 16:24:38 [DEBUG] plugin: terraform-provider-bigip: 2017/08/06 16:24:38 Resource schema
2017/08/06 16:24:38 [DEBUG] plugin: terraform-provider-bigip: 2017/08/06 16:24:38 Resource schema
2017/08/06 16:24:38 [DEBUG] plugin: terraform-provider-bigip: 2017/08/06 16:24:38 Resource schema
2017/08/06 16:24:38 [DEBUG] plugin: terraform-provider-bigip: 2017/08/06 16:24:38 Resource schema
2017/08/06 16:24:38 [DEBUG] plugin: terraform-provider-bigip: 2017/08/06 16:24:38 Resource schema
2017/08/06 16:24:38 [DEBUG] plugin: terraform-provider-bigip: 2017/08/06 16:24:38 Resource schema
2017/08/06 16:24:38 [DEBUG] plugin: terraform-provider-bigip: 2017/08/06 16:24:38 Resource schema
2017/08/06 16:24:38 [DEBUG] plugin: terraform-provider-bigip: 2017/08/06 16:24:38 Resource schema
2017/08/06 16:24:38 [DEBUG] plugin: terraform-provider-bigip: 2017/08/06 16:24:38 Resource schema
2017/08/06 16:24:38 [DEBUG] root: eval: *terraform.EvalOpFilter
2017/08/06 16:24:38 [DEBUG] root: eval: *terraform.EvalSequence
2017/08/06 16:24:38 [DEBUG] root: eval: *terraform.EvalGetProvider
2017/08/06 16:24:38 [DEBUG] root: eval: *terraform.EvalInterpolate
2017/08/06 16:24:38 [DEBUG] root: eval: *terraform.EvalBuildProviderConfig
2017/08/06 16:24:38 [DEBUG] root: eval: *terraform.EvalInputProvider
2017/08/06 16:24:38 [DEBUG] root: eval: terraform.EvalNoop
2017/08/06 16:24:38 [DEBUG] root: eval: terraform.EvalNoop
2017/08/06 16:24:38 [DEBUG] root: eval: terraform.EvalNoop
2017/08/06 16:24:38 [TRACE] [walkInput] Exiting eval tree: provider.bigip
2017/08/06 16:24:38 [DEBUG] vertex "bigip_syslog.sys1", got dep: "provider.bigip"
2017/08/06 16:24:38 [DEBUG] vertex 'root.bigip_syslog.sys1': walking
2017/08/06 16:24:38 [DEBUG] vertex 'root.bigip_syslog.sys1': evaluating
2017/08/06 16:24:38 [TRACE] [walkInput] Entering eval tree: bigip_syslog.sys1
2017/08/06 16:24:38 [DEBUG] root: eval: *terraform.EvalSequence
2017/08/06 16:24:38 [DEBUG] root: eval: *terraform.EvalInterpolate
2017/08/06 16:24:38 [DEBUG] root: eval: *terraform.EvalCountCheckComputed
2017/08/06 16:24:38 [DEBUG] root: eval: terraform.EvalNoop
2017/08/06 16:24:38 [DEBUG] root: eval: *terraform.EvalCountFixZeroOneBoundary
2017/08/06 16:24:38 [TRACE] [walkInput] Exiting eval tree: bigip_syslog.sys1
2017/08/06 16:24:38 [DEBUG] vertex 'root.bigip_syslog.sys1': expanding/walking dynamic subgraph
2017/08/06 16:24:38 [TRACE] Graph after step *terraform.ResourceCountTransformerOld:

bigip_syslog.sys1 - *terraform.graphNodeExpandedResource
2017/08/06 16:24:38 [TRACE] Graph after step *terraform.TargetsTransformer:

bigip_syslog.sys1 - *terraform.graphNodeExpandedResource
2017/08/06 16:24:38 [TRACE] Graph after step *terraform.RootTransformer:

bigip_syslog.sys1 - *terraform.graphNodeExpandedResource
2017/08/06 16:24:38 [DEBUG] vertex 'root.bigip_syslog.sys1': walking
2017/08/06 16:24:38 [DEBUG] vertex 'root.bigip_syslog.sys1': evaluating
2017/08/06 16:24:38 [TRACE] [walkInput] Entering eval tree: bigip_syslog.sys1
2017/08/06 16:24:38 [DEBUG] root: eval: *terraform.EvalSequence
2017/08/06 16:24:38 [DEBUG] root: eval: terraform.EvalNoop
2017/08/06 16:24:38 [DEBUG] root: eval: *terraform.EvalInstanceInfo
2017/08/06 16:24:38 [DEBUG] root: eval: terraform.EvalNoop
2017/08/06 16:24:38 [DEBUG] root: eval: terraform.EvalNoop
2017/08/06 16:24:38 [DEBUG] root: eval: terraform.EvalNoop
2017/08/06 16:24:38 [DEBUG] root: eval: terraform.EvalNoop
2017/08/06 16:24:38 [TRACE] [walkInput] Exiting eval tree: bigip_syslog.sys1
2017/08/06 16:24:38 [DEBUG] vertex "provider.bigip (close)", got dep: "bigip_syslog.sys1"
2017/08/06 16:24:38 [DEBUG] vertex 'root.provider.bigip (close)': walking
2017/08/06 16:24:38 [DEBUG] vertex 'root.provider.bigip (close)': evaluating
2017/08/06 16:24:38 [TRACE] [walkInput] Entering eval tree: provider.bigip (close)
2017/08/06 16:24:38 [DEBUG] root: eval: *terraform.EvalCloseProvider
2017/08/06 16:24:38 [TRACE] [walkInput] Exiting eval tree: provider.bigip (close)
2017/08/06 16:24:38 [INFO] Validating the context...
2017/08/06 16:24:38 [TRACE] Graph after step *terraform.ConfigTransformerOld:

bigip_syslog.sys1 - *terraform.GraphNodeConfigResource
provider.bigip - *terraform.GraphNodeConfigProvider
2017/08/06 16:24:38 [TRACE] Graph after step *terraform.OrphanTransformer:

bigip_syslog.sys1 - *terraform.GraphNodeConfigResource
provider.bigip - *terraform.GraphNodeConfigProvider
2017/08/06 16:24:38 [TRACE] Graph after step *terraform.AddOutputOrphanTransformer:

bigip_syslog.sys1 - *terraform.GraphNodeConfigResource
provider.bigip - *terraform.GraphNodeConfigProvider
2017/08/06 16:24:38 [TRACE] Graph after step *terraform.MissingProviderTransformer:

bigip_syslog.sys1 - *terraform.GraphNodeConfigResource
provider.bigip - *terraform.GraphNodeConfigProvider
2017/08/06 16:24:38 [TRACE] Graph after step *terraform.ProviderTransformer:

bigip_syslog.sys1 - *terraform.GraphNodeConfigResource
  provider.bigip - *terraform.GraphNodeConfigProvider
provider.bigip - *terraform.GraphNodeConfigProvider
2017/08/06 16:24:38 [TRACE] Graph after step *terraform.DisableProviderTransformerOld:

bigip_syslog.sys1 - *terraform.GraphNodeConfigResource
  provider.bigip - *terraform.GraphNodeConfigProvider
provider.bigip - *terraform.GraphNodeConfigProvider
2017/08/06 16:24:38 [TRACE] Graph after step *terraform.MissingProvisionerTransformer:

bigip_syslog.sys1 - *terraform.GraphNodeConfigResource
  provider.bigip - *terraform.GraphNodeConfigProvider
provider.bigip - *terraform.GraphNodeConfigProvider
2017/08/06 16:24:38 [TRACE] Graph after step *terraform.ProvisionerTransformer:

bigip_syslog.sys1 - *terraform.GraphNodeConfigResource
  provider.bigip - *terraform.GraphNodeConfigProvider
provider.bigip - *terraform.GraphNodeConfigProvider
2017/08/06 16:24:38 [TRACE] Graph after step *terraform.VertexTransformer:

bigip_syslog.sys1 - *terraform.GraphNodeConfigResource
  provider.bigip - *terraform.GraphNodeConfigProvider
provider.bigip - *terraform.GraphNodeConfigProvider
2017/08/06 16:24:38 [TRACE] Graph after step *terraform.FlattenTransformer:

bigip_syslog.sys1 - *terraform.GraphNodeConfigResource
  provider.bigip - *terraform.GraphNodeConfigProvider
provider.bigip - *terraform.GraphNodeConfigProvider
2017/08/06 16:24:38 [TRACE] Graph after step *terraform.ProxyTransformer:

bigip_syslog.sys1 - *terraform.GraphNodeConfigResource
  provider.bigip - *terraform.GraphNodeConfigProvider
provider.bigip - *terraform.GraphNodeConfigProvider
2017/08/06 16:24:38 [TRACE] Graph after step *terraform.TargetsTransformer:

bigip_syslog.sys1 - *terraform.GraphNodeConfigResource
  provider.bigip - *terraform.GraphNodeConfigProvider
provider.bigip - *terraform.GraphNodeConfigProvider
2017/08/06 16:24:38 [TRACE] Graph after step *terraform.OrphanOutputTransformer:

bigip_syslog.sys1 - *terraform.GraphNodeConfigResource
  provider.bigip - *terraform.GraphNodeConfigProvider
provider.bigip - *terraform.GraphNodeConfigProvider
2017/08/06 16:24:38 [TRACE] Graph after step *terraform.PruneProviderTransformer:

bigip_syslog.sys1 - *terraform.GraphNodeConfigResource
  provider.bigip - *terraform.GraphNodeConfigProvider
provider.bigip - *terraform.GraphNodeConfigProvider
2017/08/06 16:24:38 [TRACE] Graph after step *terraform.DestroyTransformer:

bigip_syslog.sys1 - *terraform.GraphNodeConfigResource
  bigip_syslog.sys1 (destroy) - *terraform.graphNodeResourceDestroy
  provider.bigip - *terraform.GraphNodeConfigProvider
bigip_syslog.sys1 (destroy) - *terraform.graphNodeResourceDestroy
  provider.bigip - *terraform.GraphNodeConfigProvider
provider.bigip - *terraform.GraphNodeConfigProvider
2017/08/06 16:24:38 [TRACE] Graph after step *terraform.CreateBeforeDestroyTransformer:

bigip_syslog.sys1 - *terraform.GraphNodeConfigResource
  bigip_syslog.sys1 (destroy) - *terraform.graphNodeResourceDestroy
  provider.bigip - *terraform.GraphNodeConfigProvider
bigip_syslog.sys1 (destroy) - *terraform.graphNodeResourceDestroy
  provider.bigip - *terraform.GraphNodeConfigProvider
provider.bigip - *terraform.GraphNodeConfigProvider
2017/08/06 16:24:38 [TRACE] Graph after step *terraform.PruneDestroyTransformer:

bigip_syslog.sys1 - *terraform.GraphNodeConfigResource
  provider.bigip - *terraform.GraphNodeConfigProvider
provider.bigip - *terraform.GraphNodeConfigProvider
2017/08/06 16:24:38 [DEBUG] Checking resource noop: bigip_syslog.sys1
2017/08/06 16:24:38 [DEBUG] No diff, not a noop
2017/08/06 16:24:38 [TRACE] Graph after step *terraform.PruneNoopTransformer:

bigip_syslog.sys1 - *terraform.GraphNodeConfigResource
  provider.bigip - *terraform.GraphNodeConfigProvider
provider.bigip - *terraform.GraphNodeConfigProvider
2017/08/06 16:24:38 [TRACE] Graph after step *terraform.CloseProviderTransformer:

bigip_syslog.sys1 - *terraform.GraphNodeConfigResource
  provider.bigip - *terraform.GraphNodeConfigProvider
provider.bigip - *terraform.GraphNodeConfigProvider
provider.bigip (close) - *terraform.graphNodeCloseProvider
  bigip_syslog.sys1 - *terraform.GraphNodeConfigResource
  provider.bigip - *terraform.GraphNodeConfigProvider
2017/08/06 16:24:38 [TRACE] Graph after step *terraform.CloseProvisionerTransformer:

bigip_syslog.sys1 - *terraform.GraphNodeConfigResource
  provider.bigip - *terraform.GraphNodeConfigProvider
provider.bigip - *terraform.GraphNodeConfigProvider
provider.bigip (close) - *terraform.graphNodeCloseProvider
  bigip_syslog.sys1 - *terraform.GraphNodeConfigResource
  provider.bigip - *terraform.GraphNodeConfigProvider
2017/08/06 16:24:38 [TRACE] Graph after step *terraform.TransitiveReductionTransformer:

bigip_syslog.sys1 - *terraform.GraphNodeConfigResource
  provider.bigip - *terraform.GraphNodeConfigProvider
provider.bigip - *terraform.GraphNodeConfigProvider
provider.bigip (close) - *terraform.graphNodeCloseProvider
  bigip_syslog.sys1 - *terraform.GraphNodeConfigResource
2017/08/06 16:24:38 [TRACE] Graph after step *terraform.RootTransformer:

bigip_syslog.sys1 - *terraform.GraphNodeConfigResource
  provider.bigip - *terraform.GraphNodeConfigProvider
provider.bigip - *terraform.GraphNodeConfigProvider
provider.bigip (close) - *terraform.graphNodeCloseProvider
  bigip_syslog.sys1 - *terraform.GraphNodeConfigResource
2017/08/06 16:24:38 [DEBUG] Starting graph walk: walkValidate
2017/08/06 16:24:38 [DEBUG] vertex 'root.provider.bigip': walking
2017/08/06 16:24:38 [DEBUG] vertex 'root.provider.bigip': evaluating
2017/08/06 16:24:38 [TRACE] [walkValidate] Entering eval tree: provider.bigip
2017/08/06 16:24:38 [DEBUG] root: eval: *terraform.EvalSequence
2017/08/06 16:24:38 [DEBUG] root: eval: *terraform.EvalInitProvider
2017/08/06 16:24:38 [DEBUG] plugin: terraform-provider-bigip: 2017/08/06 16:24:38 Resource schema
2017/08/06 16:24:38 [DEBUG] plugin: terraform-provider-bigip: 2017/08/06 16:24:38 Resource schema
2017/08/06 16:24:38 [DEBUG] plugin: terraform-provider-bigip: 2017/08/06 16:24:38 Resource schema
2017/08/06 16:24:38 [DEBUG] plugin: terraform-provider-bigip: 2017/08/06 16:24:38 Resource schema
2017/08/06 16:24:38 [DEBUG] plugin: terraform-provider-bigip: 2017/08/06 16:24:38 Resource schema
2017/08/06 16:24:38 [DEBUG] plugin: terraform-provider-bigip: 2017/08/06 16:24:38 Resource schema
2017/08/06 16:24:38 [DEBUG] plugin: terraform-provider-bigip: 2017/08/06 16:24:38 Resource schema
2017/08/06 16:24:38 [DEBUG] plugin: terraform-provider-bigip: 2017/08/06 16:24:38 Resource schema
2017/08/06 16:24:38 [DEBUG] plugin: terraform-provider-bigip: 2017/08/06 16:24:38 Resource schema
2017/08/06 16:24:38 [DEBUG] root: eval: terraform.EvalNoop
2017/08/06 16:24:38 [DEBUG] root: eval: *terraform.EvalOpFilter
2017/08/06 16:24:38 [DEBUG] root: eval: *terraform.EvalSequence
2017/08/06 16:24:38 [DEBUG] root: eval: *terraform.EvalGetProvider
2017/08/06 16:24:38 [DEBUG] root: eval: *terraform.EvalInterpolate
2017/08/06 16:24:38 [DEBUG] root: eval: *terraform.EvalBuildProviderConfig
2017/08/06 16:24:38 [DEBUG] root: eval: *terraform.EvalValidateProvider
2017/08/06 16:24:38 [DEBUG] root: eval: *terraform.EvalSetProviderConfig
2017/08/06 16:24:38 [DEBUG] root: eval: terraform.EvalNoop
2017/08/06 16:24:38 [DEBUG] root: eval: terraform.EvalNoop
2017/08/06 16:24:38 [TRACE] [walkValidate] Exiting eval tree: provider.bigip
2017/08/06 16:24:38 [DEBUG] vertex "bigip_syslog.sys1", got dep: "provider.bigip"
2017/08/06 16:24:38 [DEBUG] vertex 'root.bigip_syslog.sys1': walking
2017/08/06 16:24:38 [DEBUG] vertex 'root.bigip_syslog.sys1': evaluating
2017/08/06 16:24:38 [TRACE] [walkValidate] Entering eval tree: bigip_syslog.sys1
2017/08/06 16:24:38 [DEBUG] root: eval: *terraform.EvalSequence
2017/08/06 16:24:38 [DEBUG] root: eval: *terraform.EvalInterpolate
2017/08/06 16:24:38 [DEBUG] root: eval: *terraform.EvalCountCheckComputed
2017/08/06 16:24:38 [DEBUG] root: eval: *terraform.EvalOpFilter
2017/08/06 16:24:38 [DEBUG] root: eval: *terraform.EvalValidateCount
2017/08/06 16:24:38 [DEBUG] root: eval: *terraform.EvalCountFixZeroOneBoundary
2017/08/06 16:24:38 [TRACE] [walkValidate] Exiting eval tree: bigip_syslog.sys1
2017/08/06 16:24:38 [DEBUG] vertex 'root.bigip_syslog.sys1': expanding/walking dynamic subgraph
2017/08/06 16:24:38 [TRACE] Graph after step *terraform.ResourceCountTransformerOld:

bigip_syslog.sys1 - *terraform.graphNodeExpandedResource
2017/08/06 16:24:38 [TRACE] Graph after step *terraform.TargetsTransformer:

bigip_syslog.sys1 - *terraform.graphNodeExpandedResource
2017/08/06 16:24:38 [TRACE] Graph after step *terraform.RootTransformer:

bigip_syslog.sys1 - *terraform.graphNodeExpandedResource
2017/08/06 16:24:38 [DEBUG] vertex 'root.bigip_syslog.sys1': walking
2017/08/06 16:24:38 [DEBUG] vertex 'root.bigip_syslog.sys1': evaluating
2017/08/06 16:24:38 [TRACE] [walkValidate] Entering eval tree: bigip_syslog.sys1
2017/08/06 16:24:38 [DEBUG] root: eval: *terraform.EvalSequence
2017/08/06 16:24:38 [DEBUG] root: eval: *terraform.EvalOpFilter
2017/08/06 16:24:38 [DEBUG] root: eval: *terraform.EvalSequence
2017/08/06 16:24:38 [DEBUG] root: eval: *terraform.EvalGetProvider
2017/08/06 16:24:38 [DEBUG] root: eval: *terraform.EvalInterpolate
2017/08/06 16:24:38 [DEBUG] root: eval: *terraform.EvalValidateResource
2017/08/06 16:24:38 [DEBUG] root: eval: *terraform.EvalInstanceInfo
2017/08/06 16:24:38 [DEBUG] root: eval: terraform.EvalNoop
2017/08/06 16:24:38 [DEBUG] root: eval: terraform.EvalNoop
2017/08/06 16:24:38 [DEBUG] root: eval: terraform.EvalNoop
2017/08/06 16:24:38 [DEBUG] root: eval: terraform.EvalNoop
2017/08/06 16:24:38 [TRACE] [walkValidate] Exiting eval tree: bigip_syslog.sys1
2017/08/06 16:24:38 [DEBUG] vertex "provider.bigip (close)", got dep: "bigip_syslog.sys1"
2017/08/06 16:24:38 [DEBUG] vertex 'root.provider.bigip (close)': walking
2017/08/06 16:24:38 [DEBUG] vertex 'root.provider.bigip (close)': evaluating
2017/08/06 16:24:38 [TRACE] [walkValidate] Entering eval tree: provider.bigip (close)
2017/08/06 16:24:38 [DEBUG] root: eval: *terraform.EvalCloseProvider
2017/08/06 16:24:38 [TRACE] [walkValidate] Exiting eval tree: provider.bigip (close)
2017/08/06 16:24:38 [INFO] Starting shadow graph walk: walkValidate
2017/08/06 16:24:38 [DEBUG] Waiting for shadow graph to complete...
2017/08/06 16:24:38 [DEBUG] vertex 'root.provider.bigip': walking
2017/08/06 16:24:38 [DEBUG] vertex 'root.provider.bigip': evaluating
2017/08/06 16:24:38 [TRACE] [walkValidate] Entering eval tree: provider.bigip
2017/08/06 16:24:38 [DEBUG] root: eval: *terraform.EvalSequence
2017/08/06 16:24:38 [DEBUG] root: eval: *terraform.EvalInitProvider
2017/08/06 16:24:38 [DEBUG] root: eval: terraform.EvalNoop
2017/08/06 16:24:38 [DEBUG] root: eval: *terraform.EvalOpFilter
2017/08/06 16:24:38 [DEBUG] root: eval: *terraform.EvalSequence
2017/08/06 16:24:38 [DEBUG] root: eval: *terraform.EvalGetProvider
2017/08/06 16:24:38 [DEBUG] root: eval: *terraform.EvalInterpolate
2017/08/06 16:24:38 [DEBUG] root: eval: *terraform.EvalBuildProviderConfig
2017/08/06 16:24:38 [DEBUG] root: eval: *terraform.EvalValidateProvider
2017/08/06 16:24:38 [DEBUG] root: eval: *terraform.EvalSetProviderConfig
2017/08/06 16:24:38 [DEBUG] root: eval: terraform.EvalNoop
2017/08/06 16:24:38 [DEBUG] root: eval: terraform.EvalNoop
2017/08/06 16:24:38 [TRACE] [walkValidate] Exiting eval tree: provider.bigip
2017/08/06 16:24:38 [DEBUG] vertex "bigip_syslog.sys1", got dep: "provider.bigip"
2017/08/06 16:24:38 [DEBUG] vertex 'root.bigip_syslog.sys1': walking
2017/08/06 16:24:38 [DEBUG] vertex 'root.bigip_syslog.sys1': evaluating
2017/08/06 16:24:38 [TRACE] [walkValidate] Entering eval tree: bigip_syslog.sys1
2017/08/06 16:24:38 [DEBUG] root: eval: *terraform.EvalSequence
2017/08/06 16:24:38 [DEBUG] root: eval: *terraform.EvalInterpolate
2017/08/06 16:24:38 [DEBUG] root: eval: *terraform.EvalCountCheckComputed
2017/08/06 16:24:38 [DEBUG] root: eval: *terraform.EvalOpFilter
2017/08/06 16:24:38 [DEBUG] root: eval: *terraform.EvalValidateCount
2017/08/06 16:24:38 [DEBUG] root: eval: *terraform.EvalCountFixZeroOneBoundary
2017/08/06 16:24:38 [TRACE] [walkValidate] Exiting eval tree: bigip_syslog.sys1
2017/08/06 16:24:38 [DEBUG] vertex 'root.bigip_syslog.sys1': expanding/walking dynamic subgraph
2017/08/06 16:24:38 [TRACE] Graph after step *terraform.ResourceCountTransformerOld:

bigip_syslog.sys1 - *terraform.graphNodeExpandedResource
2017/08/06 16:24:38 [TRACE] Graph after step *terraform.TargetsTransformer:

bigip_syslog.sys1 - *terraform.graphNodeExpandedResource
2017/08/06 16:24:38 [TRACE] Graph after step *terraform.RootTransformer:

bigip_syslog.sys1 - *terraform.graphNodeExpandedResource
2017/08/06 16:24:38 [DEBUG] vertex 'root.bigip_syslog.sys1': walking
2017/08/06 16:24:38 [DEBUG] vertex 'root.bigip_syslog.sys1': evaluating
2017/08/06 16:24:38 [TRACE] [walkValidate] Entering eval tree: bigip_syslog.sys1
2017/08/06 16:24:38 [DEBUG] root: eval: *terraform.EvalSequence
2017/08/06 16:24:38 [DEBUG] root: eval: *terraform.EvalOpFilter
2017/08/06 16:24:38 [DEBUG] root: eval: *terraform.EvalSequence
2017/08/06 16:24:38 [DEBUG] root: eval: *terraform.EvalGetProvider
2017/08/06 16:24:38 [DEBUG] root: eval: *terraform.EvalInterpolate
2017/08/06 16:24:38 [DEBUG] root: eval: *terraform.EvalValidateResource
2017/08/06 16:24:38 [DEBUG] root: eval: *terraform.EvalInstanceInfo
2017/08/06 16:24:38 [DEBUG] root: eval: terraform.EvalNoop
2017/08/06 16:24:38 [DEBUG] root: eval: terraform.EvalNoop
2017/08/06 16:24:38 [DEBUG] root: eval: terraform.EvalNoop
2017/08/06 16:24:38 [DEBUG] root: eval: terraform.EvalNoop
2017/08/06 16:24:38 [TRACE] [walkValidate] Exiting eval tree: bigip_syslog.sys1
2017/08/06 16:24:38 [DEBUG] vertex "provider.bigip (close)", got dep: "bigip_syslog.sys1"
2017/08/06 16:24:38 [DEBUG] vertex 'root.provider.bigip (close)': walking
2017/08/06 16:24:38 [DEBUG] vertex 'root.provider.bigip (close)': evaluating
2017/08/06 16:24:38 [TRACE] [walkValidate] Entering eval tree: provider.bigip (close)
2017/08/06 16:24:38 [DEBUG] root: eval: *terraform.EvalCloseProvider
2017/08/06 16:24:38 [TRACE] [walkValidate] Exiting eval tree: provider.bigip (close)
2017/08/06 16:24:38 [INFO] Shadow graph success!
2017/08/06 16:24:38 [INFO] Validation result: 0 warnings, 0 errors
2017/08/06 16:24:38 [TRACE] Graph after step *terraform.ConfigTransformerOld:

bigip_syslog.sys1 - *terraform.GraphNodeConfigResource
provider.bigip - *terraform.GraphNodeConfigProvider
2017/08/06 16:24:38 [TRACE] Graph after step *terraform.OrphanTransformer:

bigip_syslog.sys1 - *terraform.GraphNodeConfigResource
provider.bigip - *terraform.GraphNodeConfigProvider
2017/08/06 16:24:38 [TRACE] Graph after step *terraform.AddOutputOrphanTransformer:

bigip_syslog.sys1 - *terraform.GraphNodeConfigResource
provider.bigip - *terraform.GraphNodeConfigProvider
2017/08/06 16:24:38 [TRACE] Graph after step *terraform.MissingProviderTransformer:

bigip_syslog.sys1 - *terraform.GraphNodeConfigResource
provider.bigip - *terraform.GraphNodeConfigProvider
2017/08/06 16:24:38 [TRACE] Graph after step *terraform.ProviderTransformer:

bigip_syslog.sys1 - *terraform.GraphNodeConfigResource
  provider.bigip - *terraform.GraphNodeConfigProvider
provider.bigip - *terraform.GraphNodeConfigProvider
2017/08/06 16:24:38 [TRACE] Graph after step *terraform.DisableProviderTransformerOld:

bigip_syslog.sys1 - *terraform.GraphNodeConfigResource
  provider.bigip - *terraform.GraphNodeConfigProvider
provider.bigip - *terraform.GraphNodeConfigProvider
2017/08/06 16:24:38 [TRACE] Graph after step *terraform.MissingProvisionerTransformer:

bigip_syslog.sys1 - *terraform.GraphNodeConfigResource
  provider.bigip - *terraform.GraphNodeConfigProvider
provider.bigip - *terraform.GraphNodeConfigProvider
2017/08/06 16:24:38 [TRACE] Graph after step *terraform.ProvisionerTransformer:

bigip_syslog.sys1 - *terraform.GraphNodeConfigResource
  provider.bigip - *terraform.GraphNodeConfigProvider
provider.bigip - *terraform.GraphNodeConfigProvider
2017/08/06 16:24:38 [TRACE] Graph after step *terraform.VertexTransformer:

bigip_syslog.sys1 - *terraform.GraphNodeConfigResource
  provider.bigip - *terraform.GraphNodeConfigProvider
provider.bigip - *terraform.GraphNodeConfigProvider
2017/08/06 16:24:38 [TRACE] Graph after step *terraform.FlattenTransformer:

bigip_syslog.sys1 - *terraform.GraphNodeConfigResource
  provider.bigip - *terraform.GraphNodeConfigProvider
provider.bigip - *terraform.GraphNodeConfigProvider
2017/08/06 16:24:38 [TRACE] Graph after step *terraform.ProxyTransformer:

bigip_syslog.sys1 - *terraform.GraphNodeConfigResource
  provider.bigip - *terraform.GraphNodeConfigProvider
provider.bigip - *terraform.GraphNodeConfigProvider
2017/08/06 16:24:38 [TRACE] Graph after step *terraform.TargetsTransformer:

bigip_syslog.sys1 - *terraform.GraphNodeConfigResource
  provider.bigip - *terraform.GraphNodeConfigProvider
provider.bigip - *terraform.GraphNodeConfigProvider
2017/08/06 16:24:38 [TRACE] Graph after step *terraform.OrphanOutputTransformer:

bigip_syslog.sys1 - *terraform.GraphNodeConfigResource
  provider.bigip - *terraform.GraphNodeConfigProvider
provider.bigip - *terraform.GraphNodeConfigProvider
2017/08/06 16:24:38 [TRACE] Graph after step *terraform.PruneProviderTransformer:

bigip_syslog.sys1 - *terraform.GraphNodeConfigResource
  provider.bigip - *terraform.GraphNodeConfigProvider
provider.bigip - *terraform.GraphNodeConfigProvider
2017/08/06 16:24:38 [TRACE] Graph after step *terraform.DestroyTransformer:

bigip_syslog.sys1 - *terraform.GraphNodeConfigResource
  bigip_syslog.sys1 (destroy) - *terraform.graphNodeResourceDestroy
  provider.bigip - *terraform.GraphNodeConfigProvider
bigip_syslog.sys1 (destroy) - *terraform.graphNodeResourceDestroy
  provider.bigip - *terraform.GraphNodeConfigProvider
provider.bigip - *terraform.GraphNodeConfigProvider
2017/08/06 16:24:38 [TRACE] Graph after step *terraform.CreateBeforeDestroyTransformer:

bigip_syslog.sys1 - *terraform.GraphNodeConfigResource
  bigip_syslog.sys1 (destroy) - *terraform.graphNodeResourceDestroy
  provider.bigip - *terraform.GraphNodeConfigProvider
bigip_syslog.sys1 (destroy) - *terraform.graphNodeResourceDestroy
  provider.bigip - *terraform.GraphNodeConfigProvider
provider.bigip - *terraform.GraphNodeConfigProvider
2017/08/06 16:24:38 [TRACE] Graph after step *terraform.PruneDestroyTransformer:

bigip_syslog.sys1 - *terraform.GraphNodeConfigResource
  provider.bigip - *terraform.GraphNodeConfigProvider
provider.bigip - *terraform.GraphNodeConfigProvider
2017/08/06 16:24:38 [DEBUG] Checking resource noop: bigip_syslog.sys1
2017/08/06 16:24:38 [DEBUG] No diff, not a noop
2017/08/06 16:24:38 [TRACE] Graph after step *terraform.PruneNoopTransformer:

bigip_syslog.sys1 - *terraform.GraphNodeConfigResource
  provider.bigip - *terraform.GraphNodeConfigProvider
provider.bigip - *terraform.GraphNodeConfigProvider
2017/08/06 16:24:38 [TRACE] Graph after step *terraform.CloseProviderTransformer:

bigip_syslog.sys1 - *terraform.GraphNodeConfigResource
  provider.bigip - *terraform.GraphNodeConfigProvider
provider.bigip - *terraform.GraphNodeConfigProvider
provider.bigip (close) - *terraform.graphNodeCloseProvider
  bigip_syslog.sys1 - *terraform.GraphNodeConfigResource
  provider.bigip - *terraform.GraphNodeConfigProvider
2017/08/06 16:24:38 [TRACE] Graph after step *terraform.CloseProvisionerTransformer:

bigip_syslog.sys1 - *terraform.GraphNodeConfigResource
  provider.bigip - *terraform.GraphNodeConfigProvider
provider.bigip - *terraform.GraphNodeConfigProvider
provider.bigip (close) - *terraform.graphNodeCloseProvider
  bigip_syslog.sys1 - *terraform.GraphNodeConfigResource
  provider.bigip - *terraform.GraphNodeConfigProvider
2017/08/06 16:24:38 [TRACE] Graph after step *terraform.TransitiveReductionTransformer:

bigip_syslog.sys1 - *terraform.GraphNodeConfigResource
  provider.bigip - *terraform.GraphNodeConfigProvider
provider.bigip - *terraform.GraphNodeConfigProvider
provider.bigip (close) - *terraform.graphNodeCloseProvider
  bigip_syslog.sys1 - *terraform.GraphNodeConfigResource
2017/08/06 16:24:38 [TRACE] Graph after step *terraform.RootTransformer:

bigip_syslog.sys1 - *terraform.GraphNodeConfigResource
  provider.bigip - *terraform.GraphNodeConfigProvider
provider.bigip - *terraform.GraphNodeConfigProvider
provider.bigip (close) - *terraform.graphNodeCloseProvider
  bigip_syslog.sys1 - *terraform.GraphNodeConfigResource
2017/08/06 16:24:38 [DEBUG] Starting graph walk: walkRefresh
2017/08/06 16:24:38 [DEBUG] vertex 'root.provider.bigip': walking
2017/08/06 16:24:38 [DEBUG] vertex 'root.provider.bigip': evaluating
2017/08/06 16:24:38 [TRACE] [walkRefresh] Entering eval tree: provider.bigip
2017/08/06 16:24:38 [DEBUG] root: eval: *terraform.EvalSequence
2017/08/06 16:24:38 [DEBUG] root: eval: *terraform.EvalInitProvider
2017/08/06 16:24:38 [DEBUG] plugin: terraform-provider-bigip: 2017/08/06 16:24:38 Resource schema
2017/08/06 16:24:38 [DEBUG] plugin: terraform-provider-bigip: 2017/08/06 16:24:38 Resource schema
2017/08/06 16:24:38 [DEBUG] plugin: terraform-provider-bigip: 2017/08/06 16:24:38 Resource schema
2017/08/06 16:24:38 [DEBUG] plugin: terraform-provider-bigip: 2017/08/06 16:24:38 Resource schema
2017/08/06 16:24:38 [DEBUG] plugin: terraform-provider-bigip: 2017/08/06 16:24:38 Resource schema
2017/08/06 16:24:38 [DEBUG] plugin: terraform-provider-bigip: 2017/08/06 16:24:38 Resource schema
2017/08/06 16:24:38 [DEBUG] plugin: terraform-provider-bigip: 2017/08/06 16:24:38 Resource schema
2017/08/06 16:24:38 [DEBUG] plugin: terraform-provider-bigip: 2017/08/06 16:24:38 Resource schema
2017/08/06 16:24:38 [DEBUG] plugin: terraform-provider-bigip: 2017/08/06 16:24:38 Resource schema
2017/08/06 16:24:38 [DEBUG] root: eval: terraform.EvalNoop
2017/08/06 16:24:38 [DEBUG] root: eval: terraform.EvalNoop
2017/08/06 16:24:38 [DEBUG] root: eval: *terraform.EvalOpFilter
2017/08/06 16:24:38 [DEBUG] root: eval: *terraform.EvalSequence
2017/08/06 16:24:38 [DEBUG] root: eval: *terraform.EvalGetProvider
2017/08/06 16:24:38 [DEBUG] root: eval: *terraform.EvalInterpolate
2017/08/06 16:24:38 [DEBUG] root: eval: *terraform.EvalBuildProviderConfig
2017/08/06 16:24:38 [DEBUG] root: eval: *terraform.EvalSetProviderConfig
2017/08/06 16:24:38 [DEBUG] root: eval: *terraform.EvalOpFilter
2017/08/06 16:24:38 [DEBUG] root: eval: *terraform.EvalSequence
2017/08/06 16:24:38 [DEBUG] root: eval: *terraform.EvalConfigProvider
2017/08/06 16:24:38 [DEBUG] plugin: terraform-provider-bigip: 2017/08/06 16:24:38 [INFO] Initializing BigIP connection
2017/08/06 16:24:38 [TRACE] [walkRefresh] Exiting eval tree: provider.bigip
2017/08/06 16:24:38 [DEBUG] vertex "bigip_syslog.sys1", got dep: "provider.bigip"
2017/08/06 16:24:38 [DEBUG] vertex 'root.bigip_syslog.sys1': walking
2017/08/06 16:24:38 [DEBUG] vertex 'root.bigip_syslog.sys1': evaluating
2017/08/06 16:24:38 [TRACE] [walkRefresh] Entering eval tree: bigip_syslog.sys1
2017/08/06 16:24:38 [DEBUG] root: eval: *terraform.EvalSequence
2017/08/06 16:24:38 [DEBUG] root: eval: *terraform.EvalInterpolate
2017/08/06 16:24:38 [DEBUG] root: eval: *terraform.EvalCountCheckComputed
2017/08/06 16:24:38 [DEBUG] root: eval: terraform.EvalNoop
2017/08/06 16:24:38 [DEBUG] root: eval: *terraform.EvalCountFixZeroOneBoundary
2017/08/06 16:24:38 [TRACE] [walkRefresh] Exiting eval tree: bigip_syslog.sys1
2017/08/06 16:24:38 [DEBUG] vertex 'root.bigip_syslog.sys1': expanding/walking dynamic subgraph
2017/08/06 16:24:38 [TRACE] Graph after step *terraform.ResourceCountTransformerOld:

bigip_syslog.sys1 - *terraform.graphNodeExpandedResource
2017/08/06 16:24:38 [TRACE] Graph after step *terraform.TargetsTransformer:

bigip_syslog.sys1 - *terraform.graphNodeExpandedResource
2017/08/06 16:24:38 [TRACE] Graph after step *terraform.RootTransformer:

bigip_syslog.sys1 - *terraform.graphNodeExpandedResource
2017/08/06 16:24:38 [DEBUG] vertex 'root.bigip_syslog.sys1': walking
2017/08/06 16:24:38 [DEBUG] vertex 'root.bigip_syslog.sys1': evaluating
2017/08/06 16:24:38 [TRACE] [walkRefresh] Entering eval tree: bigip_syslog.sys1
2017/08/06 16:24:38 [DEBUG] root: eval: *terraform.EvalSequence
2017/08/06 16:24:38 [DEBUG] root: eval: terraform.EvalNoop
2017/08/06 16:24:38 [DEBUG] root: eval: *terraform.EvalInstanceInfo
2017/08/06 16:24:38 [DEBUG] root: eval: *terraform.EvalOpFilter
2017/08/06 16:24:38 [DEBUG] root: eval: *terraform.EvalSequence
2017/08/06 16:24:38 [DEBUG] root: eval: *terraform.EvalGetProvider
2017/08/06 16:24:38 [DEBUG] root: eval: *terraform.EvalReadState
2017/08/06 16:24:38 [DEBUG] root: eval: *terraform.EvalRefresh
2017/08/06 16:24:38 [DEBUG] refresh: bigip_syslog.sys1: no state, not refreshing
2017/08/06 16:24:38 [DEBUG] root: eval: *terraform.EvalWriteState
2017/08/06 16:24:38 [DEBUG] root: eval: terraform.EvalNoop
2017/08/06 16:24:38 [DEBUG] root: eval: terraform.EvalNoop
2017/08/06 16:24:38 [DEBUG] root: eval: terraform.EvalNoop
2017/08/06 16:24:38 [TRACE] [walkRefresh] Exiting eval tree: bigip_syslog.sys1
2017/08/06 16:24:38 [DEBUG] vertex "provider.bigip (close)", got dep: "bigip_syslog.sys1"
2017/08/06 16:24:38 [DEBUG] vertex 'root.provider.bigip (close)': walking
2017/08/06 16:24:38 [DEBUG] vertex 'root.provider.bigip (close)': evaluating
2017/08/06 16:24:38 [TRACE] [walkRefresh] Entering eval tree: provider.bigip (close)
2017/08/06 16:24:38 [DEBUG] root: eval: *terraform.EvalCloseProvider
2017/08/06 16:24:38 [TRACE] [walkRefresh] Exiting eval tree: provider.bigip (close)
2017/08/06 16:24:38 [INFO] Starting shadow graph walk: walkRefresh
2017/08/06 16:24:38 [DEBUG] Waiting for shadow graph to complete...
2017/08/06 16:24:38 [DEBUG] vertex 'root.provider.bigip': walking
2017/08/06 16:24:38 [DEBUG] vertex 'root.provider.bigip': evaluating
2017/08/06 16:24:38 [TRACE] [walkRefresh] Entering eval tree: provider.bigip
2017/08/06 16:24:38 [DEBUG] root: eval: *terraform.EvalSequence
2017/08/06 16:24:38 [DEBUG] root: eval: *terraform.EvalInitProvider
2017/08/06 16:24:38 [DEBUG] root: eval: terraform.EvalNoop
2017/08/06 16:24:38 [DEBUG] root: eval: terraform.EvalNoop
2017/08/06 16:24:38 [DEBUG] root: eval: *terraform.EvalOpFilter
2017/08/06 16:24:38 [DEBUG] root: eval: *terraform.EvalSequence
2017/08/06 16:24:38 [DEBUG] root: eval: *terraform.EvalGetProvider
2017/08/06 16:24:38 [DEBUG] root: eval: *terraform.EvalInterpolate
2017/08/06 16:24:38 [DEBUG] root: eval: *terraform.EvalBuildProviderConfig
2017/08/06 16:24:38 [DEBUG] root: eval: *terraform.EvalSetProviderConfig
2017/08/06 16:24:38 [DEBUG] root: eval: *terraform.EvalOpFilter
2017/08/06 16:24:38 [DEBUG] root: eval: *terraform.EvalSequence
2017/08/06 16:24:38 [DEBUG] root: eval: *terraform.EvalConfigProvider
2017/08/06 16:24:38 [TRACE] [walkRefresh] Exiting eval tree: provider.bigip
2017/08/06 16:24:38 [DEBUG] vertex "bigip_syslog.sys1", got dep: "provider.bigip"
2017/08/06 16:24:38 [DEBUG] vertex 'root.bigip_syslog.sys1': walking
2017/08/06 16:24:38 [DEBUG] vertex 'root.bigip_syslog.sys1': evaluating
2017/08/06 16:24:38 [TRACE] [walkRefresh] Entering eval tree: bigip_syslog.sys1
2017/08/06 16:24:38 [DEBUG] root: eval: *terraform.EvalSequence
2017/08/06 16:24:38 [DEBUG] root: eval: *terraform.EvalInterpolate
2017/08/06 16:24:38 [DEBUG] root: eval: *terraform.EvalCountCheckComputed
2017/08/06 16:24:38 [DEBUG] root: eval: terraform.EvalNoop
2017/08/06 16:24:38 [DEBUG] root: eval: *terraform.EvalCountFixZeroOneBoundary
2017/08/06 16:24:38 [TRACE] [walkRefresh] Exiting eval tree: bigip_syslog.sys1
2017/08/06 16:24:38 [DEBUG] vertex 'root.bigip_syslog.sys1': expanding/walking dynamic subgraph
2017/08/06 16:24:38 [TRACE] Graph after step *terraform.ResourceCountTransformerOld:

bigip_syslog.sys1 - *terraform.graphNodeExpandedResource
2017/08/06 16:24:38 [TRACE] Graph after step *terraform.TargetsTransformer:

bigip_syslog.sys1 - *terraform.graphNodeExpandedResource
2017/08/06 16:24:38 [TRACE] Graph after step *terraform.RootTransformer:

bigip_syslog.sys1 - *terraform.graphNodeExpandedResource
2017/08/06 16:24:38 [DEBUG] vertex 'root.bigip_syslog.sys1': walking
2017/08/06 16:24:38 [DEBUG] vertex 'root.bigip_syslog.sys1': evaluating
2017/08/06 16:24:38 [TRACE] [walkRefresh] Entering eval tree: bigip_syslog.sys1
2017/08/06 16:24:38 [DEBUG] root: eval: *terraform.EvalSequence
2017/08/06 16:24:38 [DEBUG] root: eval: terraform.EvalNoop
2017/08/06 16:24:38 [DEBUG] root: eval: *terraform.EvalInstanceInfo
2017/08/06 16:24:38 [DEBUG] root: eval: *terraform.EvalOpFilter
2017/08/06 16:24:38 [DEBUG] root: eval: *terraform.EvalSequence
2017/08/06 16:24:38 [DEBUG] root: eval: *terraform.EvalGetProvider
2017/08/06 16:24:38 [DEBUG] root: eval: *terraform.EvalReadState
2017/08/06 16:24:38 [DEBUG] root: eval: *terraform.EvalRefresh
2017/08/06 16:24:38 [DEBUG] refresh: bigip_syslog.sys1: no state, not refreshing
2017/08/06 16:24:38 [DEBUG] root: eval: *terraform.EvalWriteState
2017/08/06 16:24:38 [DEBUG] root: eval: terraform.EvalNoop
2017/08/06 16:24:38 [DEBUG] root: eval: terraform.EvalNoop
2017/08/06 16:24:38 [DEBUG] root: eval: terraform.EvalNoop
2017/08/06 16:24:38 [TRACE] [walkRefresh] Exiting eval tree: bigip_syslog.sys1
2017/08/06 16:24:38 [DEBUG] vertex "provider.bigip (close)", got dep: "bigip_syslog.sys1"
2017/08/06 16:24:38 [DEBUG] vertex 'root.provider.bigip (close)': walking
2017/08/06 16:24:38 [DEBUG] vertex 'root.provider.bigip (close)': evaluating
2017/08/06 16:24:38 [TRACE] [walkRefresh] Entering eval tree: provider.bigip (close)
2017/08/06 16:24:38 [DEBUG] root: eval: *terraform.EvalCloseProvider
2017/08/06 16:24:38 [TRACE] [walkRefresh] Exiting eval tree: provider.bigip (close)
2017/08/06 16:24:38 [INFO] Shadow graph success!
2017/08/06 16:24:38 [TRACE] ConfigTransformer: Starting for path: []
2017/08/06 16:24:38 [TRACE] Graph after step *terraform.ConfigTransformer:

bigip_syslog.sys1 - *terraform.NodePlannableResource
2017/08/06 16:24:38 [TRACE] Graph after step *terraform.OutputTransformer:

bigip_syslog.sys1 - *terraform.NodePlannableResource
2017/08/06 16:24:38 [TRACE] Graph after step *terraform.OrphanResourceTransformer:

bigip_syslog.sys1 - *terraform.NodePlannableResource
2017/08/06 16:24:38 [TRACE] AttachResourceConfigTransformer: Beginning...
2017/08/06 16:24:38 [TRACE] AttachResourceConfigTransformer: Attach resource config request: bigip_syslog.sys1
2017/08/06 16:24:38 [TRACE] Attaching resource config: &config.Resource{Mode:0, Name:"sys1", Type:"bigip_syslog", RawCount:(*config.RawConfig)(0xc42037aba0), RawConfig:(*config.RawConfig)(0xc42037a780), Provisioners:[]*config.Provisioner(nil), Provider:"", DependsOn:[]string(nil), Lifecycle:config.ResourceLifecycle{CreateBeforeDestroy:false, PreventDestroy:false, IgnoreChanges:[]string(nil)}}
2017/08/06 16:24:38 [TRACE] Graph after step *terraform.AttachResourceConfigTransformer:

bigip_syslog.sys1 - *terraform.NodePlannableResource
2017/08/06 16:24:38 [DEBUG] Resource state not found for "bigip_syslog.sys1": bigip_syslog.sys1
2017/08/06 16:24:38 [TRACE] Graph after step *terraform.AttachStateTransformer:

bigip_syslog.sys1 - *terraform.NodePlannableResource
2017/08/06 16:24:38 [TRACE] Graph after step *terraform.RootVariableTransformer:

bigip_syslog.sys1 - *terraform.NodePlannableResource
2017/08/06 16:24:38 [TRACE] Graph after step *terraform.MissingProviderTransformer:

bigip_syslog.sys1 - *terraform.NodePlannableResource
provider.bigip - *terraform.NodeApplyableProvider
2017/08/06 16:24:38 [TRACE] Graph after step *terraform.ProviderTransformer:

bigip_syslog.sys1 - *terraform.NodePlannableResource
  provider.bigip - *terraform.NodeApplyableProvider
provider.bigip - *terraform.NodeApplyableProvider
2017/08/06 16:24:38 [TRACE] Graph after step *terraform.DisableProviderTransformer:

bigip_syslog.sys1 - *terraform.NodePlannableResource
  provider.bigip - *terraform.NodeApplyableProvider
provider.bigip - *terraform.NodeApplyableProvider
2017/08/06 16:24:38 [TRACE] Graph after step *terraform.ParentProviderTransformer:

bigip_syslog.sys1 - *terraform.NodePlannableResource
  provider.bigip - *terraform.NodeApplyableProvider
provider.bigip - *terraform.NodeApplyableProvider
2017/08/06 16:24:38 [TRACE] Attach provider request: []string{} bigip
2017/08/06 16:24:38 [TRACE] Attaching provider config: *config.ProviderConfig{Name:"bigip", Alias:"", RawConfig:(*config.RawConfig)(0xc42037a420)}
2017/08/06 16:24:38 [TRACE] Graph after step *terraform.AttachProviderConfigTransformer:

bigip_syslog.sys1 - *terraform.NodePlannableResource
  provider.bigip - *terraform.NodeApplyableProvider
provider.bigip - *terraform.NodeApplyableProvider
2017/08/06 16:24:38 [TRACE] Graph after step *terraform.ModuleVariableTransformer:

bigip_syslog.sys1 - *terraform.NodePlannableResource
  provider.bigip - *terraform.NodeApplyableProvider
provider.bigip - *terraform.NodeApplyableProvider
2017/08/06 16:24:38 [DEBUG] ReferenceTransformer: "provider.bigip" references: []
2017/08/06 16:24:38 [DEBUG] ReferenceTransformer: "bigip_syslog.sys1" references: []
2017/08/06 16:24:38 [TRACE] Graph after step *terraform.ReferenceTransformer:

bigip_syslog.sys1 - *terraform.NodePlannableResource
  provider.bigip - *terraform.NodeApplyableProvider
provider.bigip - *terraform.NodeApplyableProvider
2017/08/06 16:24:38 [TRACE] Graph after step *terraform.TargetsTransformer:

bigip_syslog.sys1 - *terraform.NodePlannableResource
  provider.bigip - *terraform.NodeApplyableProvider
provider.bigip - *terraform.NodeApplyableProvider
2017/08/06 16:24:38 [TRACE] Graph after step *terraform.RootTransformer:

bigip_syslog.sys1 - *terraform.NodePlannableResource
  provider.bigip - *terraform.NodeApplyableProvider
provider.bigip - *terraform.NodeApplyableProvider
2017/08/06 16:24:38 [TRACE] Graph after step *terraform.TransitiveReductionTransformer:

bigip_syslog.sys1 - *terraform.NodePlannableResource
  provider.bigip - *terraform.NodeApplyableProvider
provider.bigip - *terraform.NodeApplyableProvider
2017/08/06 16:24:38 [DEBUG] Starting graph walk: walkPlan
2017/08/06 16:24:38 [DEBUG] vertex 'root.provider.bigip': walking
2017/08/06 16:24:38 [DEBUG] vertex 'root.provider.bigip': evaluating
2017/08/06 16:24:38 [TRACE] [walkPlan] Entering eval tree: provider.bigip
2017/08/06 16:24:38 [DEBUG] root: eval: *terraform.EvalSequence
2017/08/06 16:24:38 [DEBUG] root: eval: *terraform.EvalInitProvider
2017/08/06 16:24:38 [DEBUG] plugin: terraform-provider-bigip: 2017/08/06 16:24:38 Resource schema
2017/08/06 16:24:38 [DEBUG] plugin: terraform-provider-bigip: 2017/08/06 16:24:38 Resource schema
2017/08/06 16:24:38 [DEBUG] plugin: terraform-provider-bigip: 2017/08/06 16:24:38 Resource schema
2017/08/06 16:24:38 [DEBUG] plugin: terraform-provider-bigip: 2017/08/06 16:24:38 Resource schema
2017/08/06 16:24:38 [DEBUG] plugin: terraform-provider-bigip: 2017/08/06 16:24:38 Resource schema
2017/08/06 16:24:38 [DEBUG] plugin: terraform-provider-bigip: 2017/08/06 16:24:38 Resource schema
2017/08/06 16:24:38 [DEBUG] plugin: terraform-provider-bigip: 2017/08/06 16:24:38 Resource schema
2017/08/06 16:24:38 [DEBUG] plugin: terraform-provider-bigip: 2017/08/06 16:24:38 Resource schema
2017/08/06 16:24:38 [DEBUG] plugin: terraform-provider-bigip: 2017/08/06 16:24:38 Resource schema
2017/08/06 16:24:38 [DEBUG] root: eval: terraform.EvalNoop
2017/08/06 16:24:38 [DEBUG] root: eval: terraform.EvalNoop
2017/08/06 16:24:38 [DEBUG] root: eval: *terraform.EvalOpFilter
2017/08/06 16:24:38 [DEBUG] root: eval: *terraform.EvalSequence
2017/08/06 16:24:38 [DEBUG] root: eval: *terraform.EvalGetProvider
2017/08/06 16:24:38 [DEBUG] root: eval: *terraform.EvalInterpolate
2017/08/06 16:24:38 [DEBUG] root: eval: *terraform.EvalBuildProviderConfig
2017/08/06 16:24:38 [DEBUG] root: eval: *terraform.EvalSetProviderConfig
2017/08/06 16:24:38 [DEBUG] root: eval: *terraform.EvalOpFilter
2017/08/06 16:24:38 [DEBUG] root: eval: *terraform.EvalSequence
2017/08/06 16:24:38 [DEBUG] root: eval: *terraform.EvalConfigProvider
2017/08/06 16:24:38 [DEBUG] plugin: terraform-provider-bigip: 2017/08/06 16:24:38 [INFO] Initializing BigIP connection
2017/08/06 16:24:39 [TRACE] [walkPlan] Exiting eval tree: provider.bigip
2017/08/06 16:24:39 [DEBUG] vertex "bigip_syslog.sys1", got dep: "provider.bigip"
2017/08/06 16:24:39 [DEBUG] vertex 'root.bigip_syslog.sys1': walking
2017/08/06 16:24:39 [DEBUG] vertex 'root.bigip_syslog.sys1': evaluating
2017/08/06 16:24:39 [TRACE] [walkPlan] Entering eval tree: bigip_syslog.sys1
2017/08/06 16:24:39 [DEBUG] root: eval: *terraform.EvalSequence
2017/08/06 16:24:39 [DEBUG] root: eval: *terraform.EvalInterpolate
2017/08/06 16:24:39 [DEBUG] root: eval: *terraform.EvalCountCheckComputed
2017/08/06 16:24:39 [DEBUG] root: eval: *terraform.EvalCountFixZeroOneBoundary
2017/08/06 16:24:39 [TRACE] [walkPlan] Exiting eval tree: bigip_syslog.sys1
2017/08/06 16:24:39 [DEBUG] vertex 'root.bigip_syslog.sys1': expanding/walking dynamic subgraph
2017/08/06 16:24:39 [TRACE] Graph after step *terraform.ResourceCountTransformer:

bigip_syslog.sys1 - *terraform.NodePlannableResourceInstance
2017/08/06 16:24:39 [TRACE] OrphanResourceCount: Starting...
2017/08/06 16:24:39 [TRACE] Graph after step *terraform.OrphanResourceCountTransformer:

bigip_syslog.sys1 - *terraform.NodePlannableResourceInstance
2017/08/06 16:24:39 [DEBUG] Resource state not found for "bigip_syslog.sys1": bigip_syslog.sys1
2017/08/06 16:24:39 [TRACE] Graph after step *terraform.AttachStateTransformer:

bigip_syslog.sys1 - *terraform.NodePlannableResourceInstance
2017/08/06 16:24:39 [TRACE] Graph after step *terraform.TargetsTransformer:

bigip_syslog.sys1 - *terraform.NodePlannableResourceInstance
2017/08/06 16:24:39 [DEBUG] ReferenceTransformer: "bigip_syslog.sys1" references: []
2017/08/06 16:24:39 [TRACE] Graph after step *terraform.ReferenceTransformer:

bigip_syslog.sys1 - *terraform.NodePlannableResourceInstance
2017/08/06 16:24:39 [TRACE] Graph after step *terraform.RootTransformer:

bigip_syslog.sys1 - *terraform.NodePlannableResourceInstance
2017/08/06 16:24:39 [DEBUG] vertex 'root.bigip_syslog.sys1': walking
2017/08/06 16:24:39 [DEBUG] vertex 'root.bigip_syslog.sys1': evaluating
2017/08/06 16:24:39 [TRACE] [walkPlan] Entering eval tree: bigip_syslog.sys1
2017/08/06 16:24:39 [DEBUG] root: eval: *terraform.EvalSequence
2017/08/06 16:24:39 [DEBUG] root: eval: *terraform.EvalInterpolate
2017/08/06 16:24:39 [DEBUG] root: eval: *terraform.EvalGetProvider
2017/08/06 16:24:39 [DEBUG] root: eval: *terraform.EvalValidateResource
2017/08/06 16:24:39 [DEBUG] root: eval: *terraform.EvalReadState
2017/08/06 16:24:39 [DEBUG] root: eval: *terraform.EvalDiff
2017/08/06 16:24:39 [DEBUG] root: eval: *terraform.EvalCheckPreventDestroy
2017/08/06 16:24:39 [DEBUG] root: eval: *terraform.EvalWriteState
2017/08/06 16:24:39 [DEBUG] root: eval: *terraform.EvalWriteDiff
2017/08/06 16:24:39 [TRACE] [walkPlan] Exiting eval tree: bigip_syslog.sys1
2017/08/06 16:24:39 [INFO] Starting shadow graph walk: walkPlan
2017/08/06 16:24:39 [DEBUG] Waiting for shadow graph to complete...
2017/08/06 16:24:39 [DEBUG] vertex 'root.provider.bigip': walking
2017/08/06 16:24:39 [DEBUG] vertex 'root.provider.bigip': evaluating
2017/08/06 16:24:39 [TRACE] [walkPlan] Entering eval tree: provider.bigip
2017/08/06 16:24:39 [DEBUG] root: eval: *terraform.EvalSequence
2017/08/06 16:24:39 [DEBUG] root: eval: *terraform.EvalInitProvider
2017/08/06 16:24:39 [DEBUG] root: eval: terraform.EvalNoop
2017/08/06 16:24:39 [DEBUG] root: eval: terraform.EvalNoop
2017/08/06 16:24:39 [DEBUG] root: eval: *terraform.EvalOpFilter
2017/08/06 16:24:39 [DEBUG] root: eval: *terraform.EvalSequence
2017/08/06 16:24:39 [DEBUG] root: eval: *terraform.EvalGetProvider
2017/08/06 16:24:39 [DEBUG] root: eval: *terraform.EvalInterpolate
2017/08/06 16:24:39 [DEBUG] root: eval: *terraform.EvalBuildProviderConfig
2017/08/06 16:24:39 [DEBUG] root: eval: *terraform.EvalSetProviderConfig
2017/08/06 16:24:39 [DEBUG] root: eval: *terraform.EvalOpFilter
2017/08/06 16:24:39 [DEBUG] root: eval: *terraform.EvalSequence
2017/08/06 16:24:39 [DEBUG] root: eval: *terraform.EvalConfigProvider
2017/08/06 16:24:39 [TRACE] [walkPlan] Exiting eval tree: provider.bigip
2017/08/06 16:24:39 [DEBUG] vertex "bigip_syslog.sys1", got dep: "provider.bigip"
2017/08/06 16:24:39 [DEBUG] vertex 'root.bigip_syslog.sys1': walking
2017/08/06 16:24:39 [DEBUG] vertex 'root.bigip_syslog.sys1': evaluating
2017/08/06 16:24:39 [TRACE] [walkPlan] Entering eval tree: bigip_syslog.sys1
2017/08/06 16:24:39 [DEBUG] root: eval: *terraform.EvalSequence
2017/08/06 16:24:39 [DEBUG] root: eval: *terraform.EvalInterpolate
2017/08/06 16:24:39 [DEBUG] root: eval: *terraform.EvalCountCheckComputed
2017/08/06 16:24:39 [DEBUG] root: eval: *terraform.EvalCountFixZeroOneBoundary
2017/08/06 16:24:39 [TRACE] [walkPlan] Exiting eval tree: bigip_syslog.sys1
2017/08/06 16:24:39 [DEBUG] vertex 'root.bigip_syslog.sys1': expanding/walking dynamic subgraph
2017/08/06 16:24:39 [TRACE] Graph after step *terraform.ResourceCountTransformer:

bigip_syslog.sys1 - *terraform.NodePlannableResourceInstance
2017/08/06 16:24:39 [TRACE] OrphanResourceCount: Starting...
2017/08/06 16:24:39 [TRACE] Graph after step *terraform.OrphanResourceCountTransformer:

bigip_syslog.sys1 - *terraform.NodePlannableResourceInstance
2017/08/06 16:24:39 [DEBUG] Resource state not found for "bigip_syslog.sys1": bigip_syslog.sys1
2017/08/06 16:24:39 [TRACE] Graph after step *terraform.AttachStateTransformer:

bigip_syslog.sys1 - *terraform.NodePlannableResourceInstance
2017/08/06 16:24:39 [TRACE] Graph after step *terraform.TargetsTransformer:

bigip_syslog.sys1 - *terraform.NodePlannableResourceInstance
2017/08/06 16:24:39 [DEBUG] ReferenceTransformer: "bigip_syslog.sys1" references: []
2017/08/06 16:24:39 [TRACE] Graph after step *terraform.ReferenceTransformer:

bigip_syslog.sys1 - *terraform.NodePlannableResourceInstance
2017/08/06 16:24:39 [TRACE] Graph after step *terraform.RootTransformer:

bigip_syslog.sys1 - *terraform.NodePlannableResourceInstance
2017/08/06 16:24:39 [DEBUG] vertex 'root.bigip_syslog.sys1': walking
2017/08/06 16:24:39 [DEBUG] vertex 'root.bigip_syslog.sys1': evaluating
2017/08/06 16:24:39 [TRACE] [walkPlan] Entering eval tree: bigip_syslog.sys1
2017/08/06 16:24:39 [DEBUG] root: eval: *terraform.EvalSequence
2017/08/06 16:24:39 [DEBUG] root: eval: *terraform.EvalInterpolate
2017/08/06 16:24:39 [DEBUG] root: eval: *terraform.EvalGetProvider
2017/08/06 16:24:39 [DEBUG] root: eval: *terraform.EvalValidateResource
2017/08/06 16:24:39 [DEBUG] root: eval: *terraform.EvalReadState
2017/08/06 16:24:39 [DEBUG] root: eval: *terraform.EvalDiff
2017/08/06 16:24:39 [DEBUG] root: eval: *terraform.EvalCheckPreventDestroy
2017/08/06 16:24:39 [DEBUG] root: eval: *terraform.EvalWriteState
2017/08/06 16:24:39 [DEBUG] root: eval: *terraform.EvalWriteDiff
2017/08/06 16:24:39 [TRACE] [walkPlan] Exiting eval tree: bigip_syslog.sys1
2017/08/06 16:24:39 [INFO] Shadow graph success!
2017/08/06 16:24:39 [TRACE] DiffTransformer: starting
2017/08/06 16:24:39 [TRACE] DiffTransformer: Module: CREATE: bigip_syslog.sys1
  remoteServers.#:            "0" => "1"
  remoteServers.0.host:       "" => "11.1.1.1"
  remoteServers.0.name:       "" => "myserver1"
  remoteServers.0.remotePort: "" => "222"
2017/08/06 16:24:39 [TRACE] DiffTransformer: Resource "bigip_syslog.sys1": *terraform.InstanceDiff{mu:sync.Mutex{state:0, sema:0x0}, Attributes:map[string]*terraform.ResourceAttrDiff{"remoteServers.#":*terraform.ResourceAttrDiff{Old:"0", New:"1", NewComputed:false, NewRemoved:false, NewExtra:interface {}(nil), RequiresNew:false, Sensitive:false, Type:0x0}, "remoteServers.0.name":*terraform.ResourceAttrDiff{Old:"", New:"myserver1", NewComputed:false, NewRemoved:false, NewExtra:interface {}(nil), RequiresNew:false, Sensitive:false, Type:0x0}, "remoteServers.0.host":*terraform.ResourceAttrDiff{Old:"", New:"11.1.1.1", NewComputed:false, NewRemoved:false, NewExtra:interface {}(nil), RequiresNew:false, Sensitive:false, Type:0x0}, "remoteServers.0.remotePort":*terraform.ResourceAttrDiff{Old:"", New:"222", NewComputed:false, NewRemoved:false, NewExtra:interface {}(nil), RequiresNew:false, Sensitive:false, Type:0x0}, "id":*terraform.ResourceAttrDiff{Old:"", New:"", NewComputed:true, NewRemoved:false, NewExtra:interface {}(nil), RequiresNew:true, Sensitive:false, Type:0x2}}, Destroy:false, DestroyDeposed:false, DestroyTainted:false}
2017/08/06 16:24:39 [TRACE] Graph after step *terraform.DiffTransformer:

bigip_syslog.sys1 - *terraform.NodeApplyableResource
2017/08/06 16:24:39 [TRACE] Graph after step *terraform.OrphanOutputTransformer:

bigip_syslog.sys1 - *terraform.NodeApplyableResource
2017/08/06 16:24:39 [TRACE] AttachResourceConfigTransformer: Beginning...
2017/08/06 16:24:39 [TRACE] AttachResourceConfigTransformer: Attach resource config request: bigip_syslog.sys1
2017/08/06 16:24:39 [TRACE] Attaching resource config: &config.Resource{Mode:0, Name:"sys1", Type:"bigip_syslog", RawCount:(*config.RawConfig)(0xc42037aba0), RawConfig:(*config.RawConfig)(0xc42037a780), Provisioners:[]*config.Provisioner(nil), Provider:"", DependsOn:[]string(nil), Lifecycle:config.ResourceLifecycle{CreateBeforeDestroy:false, PreventDestroy:false, IgnoreChanges:[]string(nil)}}
2017/08/06 16:24:39 [TRACE] Graph after step *terraform.AttachResourceConfigTransformer:

bigip_syslog.sys1 - *terraform.NodeApplyableResource
2017/08/06 16:24:39 [DEBUG] Resource state not found for "bigip_syslog.sys1": bigip_syslog.sys1
2017/08/06 16:24:39 [TRACE] Graph after step *terraform.AttachStateTransformer:

bigip_syslog.sys1 - *terraform.NodeApplyableResource
2017/08/06 16:24:39 [TRACE] Graph after step *terraform.MissingProviderTransformer:

bigip_syslog.sys1 - *terraform.NodeApplyableResource
provider.bigip - *terraform.NodeApplyableProvider
2017/08/06 16:24:39 [TRACE] Graph after step *terraform.ProviderTransformer:

bigip_syslog.sys1 - *terraform.NodeApplyableResource
  provider.bigip - *terraform.NodeApplyableProvider
provider.bigip - *terraform.NodeApplyableProvider
2017/08/06 16:24:39 [TRACE] Graph after step *terraform.DisableProviderTransformer:

bigip_syslog.sys1 - *terraform.NodeApplyableResource
  provider.bigip - *terraform.NodeApplyableProvider
provider.bigip - *terraform.NodeApplyableProvider
2017/08/06 16:24:39 [TRACE] Graph after step *terraform.ParentProviderTransformer:

bigip_syslog.sys1 - *terraform.NodeApplyableResource
  provider.bigip - *terraform.NodeApplyableProvider
provider.bigip - *terraform.NodeApplyableProvider
2017/08/06 16:24:39 [TRACE] Attach provider request: []string{} bigip
2017/08/06 16:24:39 [TRACE] Attaching provider config: *config.ProviderConfig{Name:"bigip", Alias:"", RawConfig:(*config.RawConfig)(0xc42037a420)}
2017/08/06 16:24:39 [TRACE] Graph after step *terraform.AttachProviderConfigTransformer:

bigip_syslog.sys1 - *terraform.NodeApplyableResource
  provider.bigip - *terraform.NodeApplyableProvider
provider.bigip - *terraform.NodeApplyableProvider
2017/08/06 16:24:39 [TRACE] DestroyEdgeTransformer: Beginning destroy edge transformation...
2017/08/06 16:24:39 [TRACE] Graph after step *terraform.DestroyEdgeTransformer:

bigip_syslog.sys1 - *terraform.NodeApplyableResource
  provider.bigip - *terraform.NodeApplyableProvider
provider.bigip - *terraform.NodeApplyableProvider
2017/08/06 16:24:39 [TRACE] CBDEdgeTransformer: Beginning CBD transformation...
2017/08/06 16:24:39 [TRACE] Graph after step *terraform.CBDEdgeTransformer:

bigip_syslog.sys1 - *terraform.NodeApplyableResource
  provider.bigip - *terraform.NodeApplyableProvider
provider.bigip - *terraform.NodeApplyableProvider
2017/08/06 16:24:39 [TRACE] Graph after step *terraform.graphTransformerMulti:

bigip_syslog.sys1 - *terraform.NodeApplyableResource
  provider.bigip - *terraform.NodeApplyableProvider
provider.bigip - *terraform.NodeApplyableProvider
2017/08/06 16:24:39 [TRACE] Graph after step *terraform.RootVariableTransformer:

bigip_syslog.sys1 - *terraform.NodeApplyableResource
  provider.bigip - *terraform.NodeApplyableProvider
provider.bigip - *terraform.NodeApplyableProvider
2017/08/06 16:24:39 [TRACE] Graph after step *terraform.OutputTransformer:

bigip_syslog.sys1 - *terraform.NodeApplyableResource
  provider.bigip - *terraform.NodeApplyableProvider
provider.bigip - *terraform.NodeApplyableProvider
2017/08/06 16:24:39 [TRACE] Graph after step *terraform.ModuleVariableTransformer:

bigip_syslog.sys1 - *terraform.NodeApplyableResource
  provider.bigip - *terraform.NodeApplyableProvider
provider.bigip - *terraform.NodeApplyableProvider
2017/08/06 16:24:39 [DEBUG] ReferenceTransformer: "bigip_syslog.sys1" references: []
2017/08/06 16:24:39 [DEBUG] ReferenceTransformer: "provider.bigip" references: []
2017/08/06 16:24:39 [TRACE] Graph after step *terraform.ReferenceTransformer:

bigip_syslog.sys1 - *terraform.NodeApplyableResource
  provider.bigip - *terraform.NodeApplyableProvider
provider.bigip - *terraform.NodeApplyableProvider
2017/08/06 16:24:39 [TRACE] Graph after step *terraform.CountBoundaryTransformer:

bigip_syslog.sys1 - *terraform.NodeApplyableResource
  provider.bigip - *terraform.NodeApplyableProvider
meta.count-boundary (count boundary fixup) - *terraform.NodeCountBoundary
  bigip_syslog.sys1 - *terraform.NodeApplyableResource
  provider.bigip - *terraform.NodeApplyableProvider
provider.bigip - *terraform.NodeApplyableProvider
2017/08/06 16:24:39 [TRACE] Graph after step *terraform.RootTransformer:

bigip_syslog.sys1 - *terraform.NodeApplyableResource
  provider.bigip - *terraform.NodeApplyableProvider
meta.count-boundary (count boundary fixup) - *terraform.NodeCountBoundary
  bigip_syslog.sys1 - *terraform.NodeApplyableResource
  provider.bigip - *terraform.NodeApplyableProvider
provider.bigip - *terraform.NodeApplyableProvider
2017/08/06 16:24:39 [TRACE] Graph after step *terraform.TransitiveReductionTransformer:

bigip_syslog.sys1 - *terraform.NodeApplyableResource
  provider.bigip - *terraform.NodeApplyableProvider
meta.count-boundary (count boundary fixup) - *terraform.NodeCountBoundary
  bigip_syslog.sys1 - *terraform.NodeApplyableResource
provider.bigip - *terraform.NodeApplyableProvider
2017/08/06 16:24:39 [DEBUG] Starting graph walk: walkApply
2017/08/06 16:24:39 [DEBUG] vertex 'root.provider.bigip': walking
2017/08/06 16:24:39 [DEBUG] vertex 'root.provider.bigip': evaluating
2017/08/06 16:24:39 [TRACE] [walkApply] Entering eval tree: provider.bigip
2017/08/06 16:24:39 [DEBUG] root: eval: *terraform.EvalSequence
2017/08/06 16:24:39 [DEBUG] root: eval: *terraform.EvalInitProvider
2017/08/06 16:24:39 [DEBUG] plugin: terraform-provider-bigip: 2017/08/06 16:24:39 Resource schema
2017/08/06 16:24:39 [DEBUG] plugin: terraform-provider-bigip: 2017/08/06 16:24:39 Resource schema
2017/08/06 16:24:39 [DEBUG] plugin: terraform-provider-bigip: 2017/08/06 16:24:39 Resource schema
2017/08/06 16:24:39 [DEBUG] plugin: terraform-provider-bigip: 2017/08/06 16:24:39 Resource schema
2017/08/06 16:24:39 [DEBUG] plugin: terraform-provider-bigip: 2017/08/06 16:24:39 Resource schema
2017/08/06 16:24:39 [DEBUG] plugin: terraform-provider-bigip: 2017/08/06 16:24:39 Resource schema
2017/08/06 16:24:39 [DEBUG] plugin: terraform-provider-bigip: 2017/08/06 16:24:39 Resource schema
2017/08/06 16:24:39 [DEBUG] plugin: terraform-provider-bigip: 2017/08/06 16:24:39 Resource schema
2017/08/06 16:24:39 [DEBUG] plugin: terraform-provider-bigip: 2017/08/06 16:24:39 Resource schema
2017/08/06 16:24:39 [DEBUG] root: eval: terraform.EvalNoop
2017/08/06 16:24:39 [DEBUG] root: eval: terraform.EvalNoop
2017/08/06 16:24:39 [DEBUG] root: eval: *terraform.EvalOpFilter
2017/08/06 16:24:39 [DEBUG] root: eval: *terraform.EvalSequence
2017/08/06 16:24:39 [DEBUG] root: eval: *terraform.EvalGetProvider
2017/08/06 16:24:39 [DEBUG] root: eval: *terraform.EvalInterpolate
2017/08/06 16:24:39 [DEBUG] root: eval: *terraform.EvalBuildProviderConfig
2017/08/06 16:24:39 [DEBUG] root: eval: *terraform.EvalSetProviderConfig
2017/08/06 16:24:39 [DEBUG] root: eval: *terraform.EvalOpFilter
2017/08/06 16:24:39 [DEBUG] root: eval: *terraform.EvalSequence
2017/08/06 16:24:39 [DEBUG] root: eval: *terraform.EvalConfigProvider
2017/08/06 16:24:39 [DEBUG] plugin: terraform-provider-bigip: 2017/08/06 16:24:39 [INFO] Initializing BigIP connection
2017/08/06 16:24:40 [TRACE] [walkApply] Exiting eval tree: provider.bigip
2017/08/06 16:24:40 [DEBUG] vertex "bigip_syslog.sys1", got dep: "provider.bigip"
2017/08/06 16:24:40 [DEBUG] vertex 'root.bigip_syslog.sys1': walking
2017/08/06 16:24:40 [DEBUG] vertex 'root.bigip_syslog.sys1': evaluating
2017/08/06 16:24:40 [TRACE] [walkApply] Entering eval tree: bigip_syslog.sys1
2017/08/06 16:24:40 [DEBUG] root: eval: *terraform.EvalSequence
2017/08/06 16:24:40 [DEBUG] root: eval: *terraform.EvalInstanceInfo
2017/08/06 16:24:40 [DEBUG] root: eval: *terraform.EvalReadDiff
2017/08/06 16:24:40 [DEBUG] root: eval: *terraform.EvalIf
2017/08/06 16:24:40 [DEBUG] root: eval: terraform.EvalNoop
2017/08/06 16:24:40 [DEBUG] root: eval: *terraform.EvalIf
2017/08/06 16:24:40 [DEBUG] root: eval: *terraform.EvalInterpolate
2017/08/06 16:24:40 [DEBUG] root: eval: *terraform.EvalGetProvider
2017/08/06 16:24:40 [DEBUG] root: eval: *terraform.EvalReadState
2017/08/06 16:24:40 [DEBUG] root: eval: *terraform.EvalValidateResource
2017/08/06 16:24:40 [DEBUG] root: eval: *terraform.EvalDiff
2017/08/06 16:24:40 [DEBUG] root: eval: *terraform.EvalReadDiff
2017/08/06 16:24:40 [DEBUG] root: eval: *terraform.EvalCompareDiff
2017/08/06 16:24:40 [DEBUG] root: eval: *terraform.EvalGetProvider
2017/08/06 16:24:40 [DEBUG] root: eval: *terraform.EvalReadState
2017/08/06 16:24:40 [DEBUG] root: eval: *terraform.EvalApply
2017/08/06 16:24:40 [DEBUG] apply: bigip_syslog.sys1: executing Apply
2017/08/06 16:24:40 [DEBUG] plugin: terraform-provider-bigip: panic: runtime error: index out of range
2017/08/06 16:24:40 [DEBUG] plugin: terraform-provider-bigip: 
2017/08/06 16:24:40 [DEBUG] plugin: terraform-provider-bigip: goroutine 22 [running]:
2017/08/06 16:24:40 [DEBUG] plugin: terraform-provider-bigip: panic(0x5bf880, 0xc42000c0f0)
2017/08/06 16:24:40 [DEBUG] plugin: terraform-provider-bigip: 	/usr/local/go/src/runtime/panic.go:500 +0x1a1
2017/08/06 16:24:40 [DEBUG] plugin: terraform-provider-bigip: github.com/terraform-provider-bigip/bigip.listToSlice(0xc420350000, 0x5804c0, 0xc42046c5c0, 0xc4202d7910)
2017/08/06 16:24:40 [DEBUG] plugin: terraform-provider-bigip: 	/Users/shitole/dev/src/github.com/terraform-provider-bigip/bigip/resource_bigip_ltm_syslog.go:123 +0x4a9
2017/08/06 16:24:40 [DEBUG] plugin: terraform-provider-bigip: github.com/terraform-provider-bigip/bigip.resourceBigipLtmSyslogCreate(0xc420350000, 0x660440, 0xc4200170e0, 0x5c6840, 0xcaf1)
2017/08/06 16:24:40 [DEBUG] plugin: terraform-provider-bigip: 	/Users/shitole/dev/src/github.com/terraform-provider-bigip/bigip/resource_bigip_ltm_syslog.go:60 +0xe1
2017/08/06 16:24:40 [DEBUG] plugin: terraform-provider-bigip: github.com/terraform-provider-bigip/vendor/github.com/hashicorp/terraform/helper/schema.(*Resource).Apply(0xc4204bc060, 0xc4202c2230, 0xc4202b65a0, 0x660440, 0xc4200170e0, 0x1, 0xc4204a0d80, 0x0)
2017/08/06 16:24:40 [DEBUG] plugin: terraform-provider-bigip: 	/Users/shitole/dev/src/github.com/terraform-provider-bigip/vendor/github.com/hashicorp/terraform/helper/schema/resource.go:162 +0x30e
2017/08/06 16:24:40 [DEBUG] plugin: terraform-provider-bigip: github.com/terraform-provider-bigip/vendor/github.com/hashicorp/terraform/helper/schema.(*Provider).Apply(0xc4204bc0c0, 0xc4202c2190, 0xc4202c2230, 0xc4202b65a0, 0x0, 0x18, 0x18)
2017/08/06 16:24:40 [DEBUG] plugin: terraform-provider-bigip: 	/Users/shitole/dev/src/github.com/terraform-provider-bigip/vendor/github.com/hashicorp/terraform/helper/schema/provider.go:212 +0x9b
2017/08/06 16:24:40 [DEBUG] plugin: terraform-provider-bigip: github.com/terraform-provider-bigip/vendor/github.com/hashicorp/terraform/plugin.(*ResourceProviderServer).Apply(0xc420183d40, 0xc4202b6080, 0xc42046c430, 0x0, 0x0)
2017/08/06 16:24:40 [DEBUG] plugin: terraform-provider-bigip: 	/Users/shitole/dev/src/github.com/terraform-provider-bigip/vendor/github.com/hashicorp/terraform/plugin/resource_provider.go:488 +0x57
2017/08/06 16:24:40 [DEBUG] plugin: terraform-provider-bigip: reflect.Value.call(0xc4202b03c0, 0xc4200305a0, 0x13, 0x6631e3, 0x4, 0xc4202d7ee0, 0x3, 0x3, 0x0, 0x0, ...)
2017/08/06 16:24:40 [DEBUG] plugin: terraform-provider-bigip: 	/usr/local/go/src/reflect/value.go:434 +0x5c8
2017/08/06 16:24:40 [DEBUG] plugin: terraform-provider-bigip: reflect.Value.Call(0xc4202b03c0, 0xc4200305a0, 0x13, 0xc4202d7ee0, 0x3, 0x3, 0x0, 0x0, 0x0)
2017/08/06 16:24:40 [DEBUG] plugin: terraform-provider-bigip: 	/usr/local/go/src/reflect/value.go:302 +0xa4
2017/08/06 16:24:40 [DEBUG] plugin: terraform-provider-bigip: net/rpc.(*service).call(0xc4204883c0, 0xc420488380, 0xc42046ccf8, 0xc4200a7480, 0xc4204c0380, 0x565980, 0xc4202b6080, 0x16, 0x5659c0, 0xc42046c430, ...)
2017/08/06 16:24:40 [DEBUG] plugin: terraform-provider-bigip: 	/usr/local/go/src/net/rpc/server.go:383 +0x148
2017/08/06 16:24:40 [DEBUG] plugin: terraform-provider-bigip: created by net/rpc.(*Server).ServeCodec
2017/08/06 16:24:40 [DEBUG] plugin: terraform-provider-bigip: 	/usr/local/go/src/net/rpc/server.go:477 +0x421
2017/08/06 16:24:40 [DEBUG] root: eval: *terraform.EvalWriteState
2017/08/06 16:24:40 [DEBUG] root: eval: *terraform.EvalApplyProvisioners
2017/08/06 16:24:40 [DEBUG] root: eval: *terraform.EvalIf
2017/08/06 16:24:40 [DEBUG] root: eval: *terraform.EvalWriteState
2017/08/06 16:24:40 [DEBUG] root: eval: *terraform.EvalWriteDiff
2017/08/06 16:24:40 [DEBUG] root: eval: *terraform.EvalApplyPost
2017/08/06 16:24:40 [ERROR] root: eval: *terraform.EvalApplyPost, err: 1 error(s) occurred:

* bigip_syslog.sys1: unexpected EOF
2017/08/06 16:24:40 [ERROR] root: eval: *terraform.EvalSequence, err: 1 error(s) occurred:

* bigip_syslog.sys1: unexpected EOF
2017/08/06 16:24:40 [TRACE] [walkApply] Exiting eval tree: bigip_syslog.sys1
2017/08/06 16:24:40 [DEBUG] vertex "meta.count-boundary (count boundary fixup)", got dep: "bigip_syslog.sys1"
2017/08/06 16:24:40 [INFO] Starting shadow graph walk: walkApply
2017/08/06 16:24:40 [DEBUG] Waiting for shadow graph to complete...
2017/08/06 16:24:40 [DEBUG] plugin: /Users/shitole/dev/src/github.com/terraform-provider-bigip/terraform-provider-bigip: plugin process exited
2017/08/06 16:24:40 [DEBUG] vertex 'root.provider.bigip': walking
2017/08/06 16:24:40 [DEBUG] vertex 'root.provider.bigip': evaluating
2017/08/06 16:24:40 [TRACE] [walkApply] Entering eval tree: provider.bigip
2017/08/06 16:24:40 [DEBUG] root: eval: *terraform.EvalSequence
2017/08/06 16:24:40 [DEBUG] root: eval: *terraform.EvalInitProvider
2017/08/06 16:24:40 [DEBUG] root: eval: terraform.EvalNoop
2017/08/06 16:24:40 [DEBUG] root: eval: terraform.EvalNoop
2017/08/06 16:24:40 [DEBUG] root: eval: *terraform.EvalOpFilter
2017/08/06 16:24:40 [DEBUG] root: eval: *terraform.EvalSequence
2017/08/06 16:24:40 [DEBUG] root: eval: *terraform.EvalGetProvider
2017/08/06 16:24:40 [DEBUG] root: eval: *terraform.EvalInterpolate
2017/08/06 16:24:40 [DEBUG] root: eval: *terraform.EvalBuildProviderConfig
2017/08/06 16:24:40 [DEBUG] root: eval: *terraform.EvalSetProviderConfig
2017/08/06 16:24:40 [DEBUG] root: eval: *terraform.EvalOpFilter
2017/08/06 16:24:40 [DEBUG] root: eval: *terraform.EvalSequence
2017/08/06 16:24:40 [DEBUG] root: eval: *terraform.EvalConfigProvider
2017/08/06 16:24:40 [TRACE] [walkApply] Exiting eval tree: provider.bigip
2017/08/06 16:24:40 [DEBUG] vertex "bigip_syslog.sys1", got dep: "provider.bigip"
2017/08/06 16:24:40 [DEBUG] vertex 'root.bigip_syslog.sys1': walking
2017/08/06 16:24:40 [DEBUG] vertex 'root.bigip_syslog.sys1': evaluating
2017/08/06 16:24:40 [TRACE] [walkApply] Entering eval tree: bigip_syslog.sys1
2017/08/06 16:24:40 [DEBUG] root: eval: *terraform.EvalSequence
2017/08/06 16:24:40 [DEBUG] root: eval: *terraform.EvalInstanceInfo
2017/08/06 16:24:40 [DEBUG] root: eval: *terraform.EvalReadDiff
2017/08/06 16:24:40 [DEBUG] root: eval: *terraform.EvalIf
2017/08/06 16:24:40 [DEBUG] root: eval: terraform.EvalNoop
2017/08/06 16:24:40 [DEBUG] root: eval: *terraform.EvalIf
2017/08/06 16:24:40 [DEBUG] root: eval: *terraform.EvalInterpolate
2017/08/06 16:24:40 [DEBUG] root: eval: *terraform.EvalGetProvider
2017/08/06 16:24:40 [DEBUG] root: eval: *terraform.EvalReadState
2017/08/06 16:24:40 [DEBUG] root: eval: *terraform.EvalValidateResource
2017/08/06 16:24:40 [DEBUG] root: eval: *terraform.EvalDiff
2017/08/06 16:24:40 [DEBUG] root: eval: *terraform.EvalReadDiff
2017/08/06 16:24:40 [DEBUG] root: eval: *terraform.EvalCompareDiff
2017/08/06 16:24:40 [DEBUG] root: eval: *terraform.EvalGetProvider
2017/08/06 16:24:40 [DEBUG] root: eval: *terraform.EvalReadState
2017/08/06 16:24:40 [DEBUG] root: eval: *terraform.EvalApply
2017/08/06 16:24:40 [DEBUG] apply: bigip_syslog.sys1: executing Apply
2017/08/06 16:24:40 [DEBUG] root: eval: *terraform.EvalWriteState
2017/08/06 16:24:40 [DEBUG] root: eval: *terraform.EvalApplyProvisioners
2017/08/06 16:24:40 [DEBUG] root: eval: *terraform.EvalIf
2017/08/06 16:24:40 [DEBUG] root: eval: *terraform.EvalWriteState
2017/08/06 16:24:40 [DEBUG] root: eval: *terraform.EvalWriteDiff
2017/08/06 16:24:40 [DEBUG] root: eval: *terraform.EvalApplyPost
2017/08/06 16:24:40 [ERROR] root: eval: *terraform.EvalApplyPost, err: 1 error(s) occurred:

* bigip_syslog.sys1: unexpected EOF
2017/08/06 16:24:40 [ERROR] root: eval: *terraform.EvalSequence, err: 1 error(s) occurred:

* bigip_syslog.sys1: unexpected EOF
2017/08/06 16:24:40 [TRACE] [walkApply] Exiting eval tree: bigip_syslog.sys1
2017/08/06 16:24:40 [DEBUG] vertex "meta.count-boundary (count boundary fixup)", got dep: "bigip_syslog.sys1"
2017/08/06 16:24:40 [ERROR] Shadow graph error: 1 error(s) occurred:

* bigip_syslog.sys1: unexpected EOF
2017/08/06 16:24:40 [TRACE] Preserving existing state lineage "a1bb1b43-031f-4e61-9034-20a6a53c3da0"
2017/08/06 16:24:40 [TRACE] Preserving existing state lineage "a1bb1b43-031f-4e61-9034-20a6a53c3da0"
2017/08/06 16:24:40 [DEBUG] plugin: waiting for all plugin processes to complete...
